<?xml version="1.0" encoding="UTF-8" ?>
<testsuite failures="0" time="0.051" errors="0" skipped="0" tests="1" name="br.com.devmedia.morphia.test.AutorDAOTest">
  <properties>
    <property name="java.runtime.name" value="Java(TM) SE Runtime Environment"/>
    <property name="sun.boot.library.path" value="/usr/lib/jvm/java-7-oracle/jre/lib/amd64"/>
    <property name="java.vm.version" value="24.51-b03"/>
    <property name="java.vm.vendor" value="Oracle Corporation"/>
    <property name="java.vendor.url" value="http://java.oracle.com/"/>
    <property name="path.separator" value=":"/>
    <property name="java.vm.name" value="Java HotSpot(TM) 64-Bit Server VM"/>
    <property name="file.encoding.pkg" value="sun.io"/>
    <property name="user.country" value="BR"/>
    <property name="sun.java.launcher" value="SUN_STANDARD"/>
    <property name="sun.os.patch.level" value="unknown"/>
    <property name="java.vm.specification.name" value="Java Virtual Machine Specification"/>
    <property name="user.dir" value="/home/alfaville/workspace/morphia"/>
    <property name="java.runtime.version" value="1.7.0_51-b13"/>
    <property name="java.awt.graphicsenv" value="sun.awt.X11GraphicsEnvironment"/>
    <property name="basedir" value="/home/alfaville/workspace/morphia"/>
    <property name="java.endorsed.dirs" value="/usr/lib/jvm/java-7-oracle/jre/lib/endorsed"/>
    <property name="os.arch" value="amd64"/>
    <property name="surefire.real.class.path" value="/home/alfaville/workspace/morphia/target/surefire/surefirebooter7121716743198908498.jar"/>
    <property name="java.io.tmpdir" value="/tmp"/>
    <property name="line.separator" value="
"/>
    <property name="java.vm.specification.vendor" value="Oracle Corporation"/>
    <property name="os.name" value="Linux"/>
    <property name="sun.jnu.encoding" value="UTF-8"/>
    <property name="java.library.path" value="/usr/java/packages/lib/amd64:/usr/lib64:/lib64:/lib:/usr/lib"/>
    <property name="surefire.test.class.path" value="/home/alfaville/workspace/morphia/target/test-classes:/home/alfaville/workspace/morphia/target/classes:/home/alfaville/.m2/repository/com/google/code/morphia/morphia/0.104/morphia-0.104.jar:/home/alfaville/.m2/repository/org/mongodb/mongo-java-driver/2.11.4/mongo-java-driver-2.11.4.jar:/home/alfaville/.m2/repository/junit/junit/4.10/junit-4.10.jar:/home/alfaville/.m2/repository/org/hamcrest/hamcrest-core/1.1/hamcrest-core-1.1.jar:/home/alfaville/.m2/repository/com/sun/faces/jsf-api/2.2.5/jsf-api-2.2.5.jar:/home/alfaville/.m2/repository/com/sun/faces/jsf-impl/2.2.5/jsf-impl-2.2.5.jar:/home/alfaville/.m2/repository/javax/javaee-api/6.0/javaee-api-6.0.jar:/home/alfaville/.m2/repository/org/primefaces/primefaces/4.0/primefaces-4.0.jar:/home/alfaville/.m2/repository/org/primefaces/themes/bootstrap/1.0.10/bootstrap-1.0.10.jar:/home/alfaville/.m2/repository/com/google/code/gson/gson/2.1/gson-2.1.jar:"/>
    <property name="java.specification.name" value="Java Platform API Specification"/>
    <property name="java.class.version" value="51.0"/>
    <property name="sun.management.compiler" value="HotSpot 64-Bit Tiered Compilers"/>
    <property name="os.version" value="3.11.0-18-generic"/>
    <property name="user.home" value="/home/alfaville"/>
    <property name="user.timezone" value="America/Fortaleza"/>
    <property name="java.awt.printerjob" value="sun.print.PSPrinterJob"/>
    <property name="file.encoding" value="UTF-8"/>
    <property name="java.specification.version" value="1.7"/>
    <property name="user.name" value="alfaville"/>
    <property name="java.class.path" value="/home/alfaville/workspace/morphia/target/test-classes:/home/alfaville/workspace/morphia/target/classes:/home/alfaville/.m2/repository/com/google/code/morphia/morphia/0.104/morphia-0.104.jar:/home/alfaville/.m2/repository/org/mongodb/mongo-java-driver/2.11.4/mongo-java-driver-2.11.4.jar:/home/alfaville/.m2/repository/junit/junit/4.10/junit-4.10.jar:/home/alfaville/.m2/repository/org/hamcrest/hamcrest-core/1.1/hamcrest-core-1.1.jar:/home/alfaville/.m2/repository/com/sun/faces/jsf-api/2.2.5/jsf-api-2.2.5.jar:/home/alfaville/.m2/repository/com/sun/faces/jsf-impl/2.2.5/jsf-impl-2.2.5.jar:/home/alfaville/.m2/repository/javax/javaee-api/6.0/javaee-api-6.0.jar:/home/alfaville/.m2/repository/org/primefaces/primefaces/4.0/primefaces-4.0.jar:/home/alfaville/.m2/repository/org/primefaces/themes/bootstrap/1.0.10/bootstrap-1.0.10.jar:/home/alfaville/.m2/repository/com/google/code/gson/gson/2.1/gson-2.1.jar:"/>
    <property name="java.vm.specification.version" value="1.7"/>
    <property name="sun.arch.data.model" value="64"/>
    <property name="java.home" value="/usr/lib/jvm/java-7-oracle/jre"/>
    <property name="sun.java.command" value="/home/alfaville/workspace/morphia/target/surefire/surefirebooter7121716743198908498.jar /home/alfaville/workspace/morphia/target/surefire/surefire8399357567826390621tmp /home/alfaville/workspace/morphia/target/surefire/surefire8366596605727990986tmp"/>
    <property name="java.specification.vendor" value="Oracle Corporation"/>
    <property name="user.language" value="pt"/>
    <property name="awt.toolkit" value="sun.awt.X11.XToolkit"/>
    <property name="java.vm.info" value="mixed mode"/>
    <property name="java.version" value="1.7.0_51"/>
    <property name="java.ext.dirs" value="/usr/lib/jvm/java-7-oracle/jre/lib/ext:/usr/java/packages/lib/ext"/>
    <property name="sun.boot.class.path" value="/usr/lib/jvm/java-7-oracle/jre/lib/resources.jar:/usr/lib/jvm/java-7-oracle/jre/lib/rt.jar:/usr/lib/jvm/java-7-oracle/jre/lib/sunrsasign.jar:/usr/lib/jvm/java-7-oracle/jre/lib/jsse.jar:/usr/lib/jvm/java-7-oracle/jre/lib/jce.jar:/usr/lib/jvm/java-7-oracle/jre/lib/charsets.jar:/usr/lib/jvm/java-7-oracle/jre/lib/jfr.jar:/usr/lib/jvm/java-7-oracle/jre/classes"/>
    <property name="java.vendor" value="Oracle Corporation"/>
    <property name="localRepository" value="/home/alfaville/.m2/repository"/>
    <property name="file.separator" value="/"/>
    <property name="java.vendor.url.bug" value="http://bugreport.sun.com/bugreport/"/>
    <property name="sun.cpu.endian" value="little"/>
    <property name="sun.io.unicode.encoding" value="UnicodeLittle"/>
    <property name="sun.desktop" value="gnome"/>
    <property name="sun.cpu.isalist" value=""/>
  </properties>
  <testcase time="0.047" classname="br.com.devmedia.morphia.test.AutorDAOTest" name="findForNameTest"/>
</testsuite>